<?xml version="1.0" encoding="UTF-8"?>
<!-- Generated by org.testng.reporters.JUnitReportReporter -->
<testsuite skipped="0" hostname="FTDT798" name="tests.loggin_in_response" tests="1" failures="0" timestamp="26 Dec 2018 09:09:51 GMT" time="0.999" errors="0">
  <testcase name="test" time="0.999" classname="tests.loggin_in_response"/>
</testsuite> <!-- tests.loggin_in_response -->
