<?xml version="1.0" encoding="UTF-8"?>
<!-- Generated by org.testng.reporters.JUnitReportReporter -->
<testsuite skipped="0" hostname="FTDT798" name="logging_in_Request" tests="1" failures="0" timestamp="08 Jun 2018 06:16:06 GMT" time="3.285" errors="0">
  <testcase name="test" time="3.285" classname="logging_in_Request"/>
</testsuite> <!-- logging_in_Request -->
