<?xml version="1.0" encoding="UTF-8"?>
<!-- Generated by org.testng.reporters.JUnitReportReporter -->
<testsuite skipped="0" hostname="FTDT798" name="GetResponseObjectswithForloop" tests="1" failures="0" timestamp="08 Jun 2018 06:02:41 GMT" time="1.938" errors="0">
  <testcase name="test" time="1.938" classname="GetResponseObjectswithForloop"/>
</testsuite> <!-- GetResponseObjectswithForloop -->
