<?xml version="1.0" encoding="UTF-8"?>
<!-- Generated by org.testng.reporters.JUnitReportReporter -->
<testsuite skipped="0" hostname="FTDT798" name="tests.PostData" tests="1" failures="0" timestamp="26 Dec 2018 09:09:51 GMT" time="0.666" errors="0">
  <testcase name="add_data_with_api" time="0.666" classname="tests.PostData"/>
</testsuite> <!-- tests.PostData -->
