<?xml version="1.0" encoding="UTF-8"?>
<!-- Generated by org.testng.reporters.JUnitReportReporter -->
<testsuite skipped="0" hostname="FTDT798" name="JIRA_Create_Session_Add_Defect_Add_Comment_Update_Comment" tests="1" failures="0" timestamp="08 Jun 2018 16:08:42 GMT" time="1.616" errors="0">
  <testcase name="getJIRASession" time="1.616" classname="JIRA_Create_Session_Add_Defect_Add_Comment_Update_Comment"/>
</testsuite> <!-- JIRA_Create_Session_Add_Defect_Add_Comment_Update_Comment -->
