<?xml version="1.0" encoding="UTF-8"?>
<!-- Generated by org.testng.reporters.JUnitReportReporter -->
<testsuite skipped="0" hostname="FTDT798" name="tests.PrintResponse" tests="1" failures="0" timestamp="26 Dec 2018 09:09:51 GMT" time="0.598" errors="0">
  <testcase name="test" time="0.598" classname="tests.PrintResponse"/>
</testsuite> <!-- tests.PrintResponse -->
