<?xml version="1.0" encoding="UTF-8"?>
<!-- Generated by org.testng.reporters.JUnitReportReporter -->
<testsuite skipped="0" hostname="FTDT798" name="PrintResponse" tests="1" failures="0" timestamp="07 Jun 2018 05:17:12 GMT" time="3.106" errors="0">
  <testcase name="test" time="3.106" classname="PrintResponse"/>
</testsuite> <!-- PrintResponse -->
