<?xml version="1.0" encoding="UTF-8"?>
<!-- Generated by org.testng.reporters.JUnitReportReporter -->
<testsuite skipped="0" hostname="FTDT798" name="tests.GetResponseObjectswithForloop" tests="1" failures="0" timestamp="26 Dec 2018 09:09:51 GMT" time="0.610" errors="0">
  <testcase name="test" time="0.610" classname="tests.GetResponseObjectswithForloop"/>
</testsuite> <!-- tests.GetResponseObjectswithForloop -->
