<?xml version="1.0" encoding="UTF-8"?>
<!-- Generated by org.testng.reporters.JUnitReportReporter -->
<testsuite skipped="0" hostname="FTDT798" name="Xml_request_testing" tests="1" failures="0" timestamp="07 Jun 2018 14:01:10 GMT" time="1.597" errors="0">
  <testcase name="AddData" time="1.597" classname="Xml_request_testing"/>
</testsuite> <!-- Xml_request_testing -->
