<?xml version="1.0" encoding="UTF-8"?>
<!-- Generated by org.testng.reporters.JUnitReportReporter -->
<testsuite skipped="0" hostname="FTDT798" name="PostData" tests="1" failures="0" timestamp="07 Jun 2018 07:30:49 GMT" time="2.726" errors="0">
  <testcase name="add_data_with_api" time="2.726" classname="PostData"/>
</testsuite> <!-- PostData -->
