<?xml version="1.0" encoding="UTF-8"?>
<!-- Generated by org.testng.reporters.JUnitReportReporter -->
<testsuite skipped="0" hostname="FTDT798" name="AddandDeletePlaces_with_property_file" tests="1" failures="0" timestamp="07 Jun 2018 12:31:26 GMT" time="1.816" errors="0">
  <testcase name="AddData" time="1.816" classname="AddandDeletePlaces_with_property_file"/>
</testsuite> <!-- AddandDeletePlaces_with_property_file -->
