<?xml version="1.0" encoding="UTF-8"?>
<!-- Generated by org.testng.reporters.JUnitReportReporter -->
<testsuite skipped="0" hostname="FTDT798" name="JIRA_Create_Session" tests="1" failures="0" timestamp="08 Jun 2018 15:14:52 GMT" time="1.254" errors="0">
  <testcase name="getJIRASession" time="1.254" classname="JIRA_Create_Session"/>
</testsuite> <!-- JIRA_Create_Session -->
