<?xml version="1.0" encoding="UTF-8"?>
<!-- Generated by org.testng.reporters.JUnitReportReporter -->
<testsuite skipped="0" hostname="FTDT798" name="AddandDeletePlaceUsingExtract" tests="1" failures="0" timestamp="07 Jun 2018 13:35:13 GMT" time="4.499" errors="0">
  <testcase name="AddData" time="4.499" classname="AddandDeletePlaceUsingExtract"/>
</testsuite> <!-- AddandDeletePlaceUsingExtract -->
