<?xml version="1.0" encoding="UTF-8"?>
<!-- Generated by org.testng.reporters.JUnitReportReporter -->
<testsuite skipped="0" hostname="FTDT798" name="GetPlacesAPI" tests="1" failures="0" timestamp="08 Jun 2018 06:00:50 GMT" time="1.782" errors="0">
  <testcase name="test" time="1.782" classname="GetPlacesAPI"/>
</testsuite> <!-- GetPlacesAPI -->
