<?xml version="1.0" encoding="UTF-8"?>
<!-- Generated by org.testng.reporters.JUnitReportReporter -->
<testsuite skipped="0" hostname="FTDT798" name="loggin_in_response" tests="1" failures="0" timestamp="08 Jun 2018 06:24:40 GMT" time="2.148" errors="0">
  <testcase name="test" time="2.148" classname="loggin_in_response"/>
</testsuite> <!-- loggin_in_response -->
