<?xml version="1.0" encoding="UTF-8"?>
<!-- Generated by org.testng.reporters.JUnitReportReporter -->
<testsuite skipped="0" hostname="FTDT798" name="JIRA_GetSessionId" tests="1" failures="0" timestamp="08 Jun 2018 15:00:51 GMT" time="1.211" errors="0">
  <testcase name="getJIRASession" time="1.211" classname="JIRA_GetSessionId"/>
</testsuite> <!-- JIRA_GetSessionId -->
